<?xml version="1.0" encoding="UTF-8"?>
<!-- Generated by org.testng.reporters.JUnitReportReporter -->
<testsuite hostname="Ajays-MacBook-Air.local" failures="0" tests="1" name="com.integrations.testcases.ContentIntegrationPageTest" time="63.123" errors="0" timestamp="2020-05-27T17:22:01 IST" skipped="0">
  <testcase classname="com.integrations.testcases.ContentIntegrationPageTest" name="createCSVIntegrationSource" time="63.123"/>
  <system-out/>
</testsuite> <!-- com.integrations.testcases.ContentIntegrationPageTest -->
