<?xml version="1.0" encoding="UTF-8"?>
<!-- Generated by org.testng.reporters.JUnitReportReporter -->
<testsuite hostname="Ajays-MacBook-Air.local" failures="0" tests="1" name="com.integrations.testcases.LoginPageTest" time="14.919" errors="0" timestamp="2020-05-23T20:06:26 IST" skipped="0">
  <testcase classname="com.integrations.testcases.LoginPageTest" name="loginTest" time="14.919"/>
  <system-out/>
</testsuite> <!-- com.integrations.testcases.LoginPageTest -->
