<?xml version="1.0" encoding="UTF-8"?>
<!-- Generated by org.testng.reporters.JUnitReportReporter -->
<testsuite hostname="Ajays-MacBook-Air.local" failures="0" tests="1" name="com.integrations.testcases.AdminHomePageTest" time="30.897" errors="0" timestamp="2020-05-23T22:11:06 IST" skipped="0">
  <testcase classname="com.integrations.testcases.AdminHomePageTest" name="clickOnContentIntegrationLinkTest" time="30.897"/>
  <system-out/>
</testsuite> <!-- com.integrations.testcases.AdminHomePageTest -->
